{
  "RSpec": {
    "coverage": {
      "/home/xita/work_study/rails/videostructure/app/models/user.rb": {
        "lines": [
          1,
          null,
          null,
          1,
          null,
          null,
          1,
          null
        ]
      },
      "/home/xita/work_study/rails/videostructure/app/models/application_record.rb": {
        "lines": [
          1,
          1,
          null
        ]
      },
      "/home/xita/work_study/rails/videostructure/app/helpers/play_backs_helper.rb": {
        "lines": [
          1,
          null
        ]
      },
      "/home/xita/work_study/rails/videostructure/app/controllers/application_controller.rb": {
        "lines": [
          1,
          1,
          null,
          1,
          1,
          6,
          null,
          null
        ]
      },
      "/home/xita/work_study/rails/videostructure/app/controllers/pages_controller.rb": {
        "lines": [
          1,
          null,
          1,
          3,
          null,
          null
        ]
      },
      "/home/xita/work_study/rails/videostructure/app/controllers/play_backs_controller.rb": {
        "lines": [
          1,
          1,
          1,
          1,
          null,
          null,
          null,
          1,
          7,
          7,
          null,
          null,
          null,
          null,
          1,
          null,
          null,
          null,
          1,
          8,
          null,
          null,
          null,
          1,
          null,
          null,
          null,
          null,
          1,
          8,
          8,
          7,
          null,
          1,
          1,
          null,
          null,
          null,
          null,
          null,
          1,
          2,
          1,
          null,
          1,
          null,
          null,
          null,
          null,
          null,
          1,
          1,
          1,
          1,
          null,
          null,
          1,
          null,
          null,
          1,
          14,
          null,
          null,
          null,
          1,
          10,
          null,
          null,
          10,
          null,
          null,
          null,
          1,
          7,
          7,
          7,
          null,
          7,
          7,
          7,
          null,
          7,
          null,
          7,
          7,
          null,
          7,
          7,
          7,
          null,
          7,
          1,
          null,
          7,
          1,
          null,
          null,
          7,
          7,
          null,
          7,
          7,
          7,
          null,
          7,
          7,
          null,
          null,
          null,
          1,
          8,
          null,
          null,
          1,
          20,
          null,
          null,
          1,
          1,
          null,
          1,
          1,
          1,
          1,
          1,
          null,
          null
        ]
      },
      "/home/xita/work_study/rails/videostructure/app/models/play_back.rb": {
        "lines": [
          1,
          1,
          1,
          1,
          1,
          null
        ]
      }
    },
    "timestamp": 1601125803
  }
}
